This is pdfTeX, Version 3.141592653-2.6-1.40.22 (TeX Live 2022/dev/Debian) (preloaded format=pdflatex 2024.11.3)  13 FEB 2025 18:55
entering extended mode
 restricted \write18 enabled.
 file:line:error style messages enabled.
 %&-line parsing enabled.
**/home/mgalindo/max/maestria/tesis/w_deep_doc/MainThesis.tex
(/home/mgalindo/max/maestria/tesis/w_deep_doc/MainThesis.tex
LaTeX2e <2021-11-15> patch level 1
L3 programming layer <2022-01-21> (/usr/share/texlive/texmf-dist/tex/latex/base/report.cls
Document Class: report 2021/10/04 v1.4n Standard LaTeX document class
(/usr/share/texlive/texmf-dist/tex/latex/base/size12.clo
File: size12.clo 2021/10/04 v1.4n Standard LaTeX file (size option)
)
\c@part=\count185
\c@chapter=\count186
\c@section=\count187
\c@subsection=\count188
\c@subsubsection=\count189
\c@paragraph=\count190
\c@subparagraph=\count191
\c@figure=\count192
\c@table=\count193
\abovecaptionskip=\skip47
\belowcaptionskip=\skip48
\bibindent=\dimen138
) (/usr/share/texlive/texmf-dist/tex/latex/base/inputenc.sty
Package: inputenc 2021/02/14 v1.3d Input encoding file
\inpenc@prehook=\toks16
\inpenc@posthook=\toks17
) (/usr/share/texlive/texmf-dist/tex/generic/babel/babel.sty
Package: babel 2022/01/26 3.70 The Babel package
\babel@savecnt=\count194
\U@D=\dimen139
\l@unhyphenated=\language87
 (/usr/share/texlive/texmf-dist/tex/generic/babel/txtbabel.def)
\bbl@readstream=\read2
\bbl@dirlevel=\count195
 (/usr/share/texlive/texmf-dist/tex/generic/babel-spanish/spanish.ldf
Language: spanish.ldf 2021/05/27 v5.0q Spanish support from the babel system
\es@quottoks=\toks18
\es@quotdepth=\count196
Package babel Info: Making " an active character on input line 570.
Package babel Info: Making . an active character on input line 675.
Package babel Info: Making < an active character on input line 722.
Package babel Info: Making > an active character on input line 722.
)) (/usr/share/texlive/texmf-dist/tex/latex/float/float.sty
Package: float 2001/11/08 v1.3d Float enhancements (AL)
\c@float@type=\count197
\float@exts=\toks19
\float@box=\box50
\@float@everytoks=\toks20
\@floatcapt=\box51
) (/usr/share/texlive/texmf-dist/tex/latex/amsmath/amsmath.sty
Package: amsmath 2021/10/15 v2.17l AMS math features
\@mathmargin=\skip49

For additional information on amsmath, use the `?' option.
(/usr/share/texlive/texmf-dist/tex/latex/amsmath/amstext.sty
Package: amstext 2021/08/26 v2.01 AMS text
 (/usr/share/texlive/texmf-dist/tex/latex/amsmath/amsgen.sty
File: amsgen.sty 1999/11/30 v2.0 generic functions
\@emptytoks=\toks21
\ex@=\dimen140
)) (/usr/share/texlive/texmf-dist/tex/latex/amsmath/amsbsy.sty
Package: amsbsy 1999/11/29 v1.2d Bold Symbols
\pmbraise@=\dimen141
) (/usr/share/texlive/texmf-dist/tex/latex/amsmath/amsopn.sty
Package: amsopn 2021/08/26 v2.02 operator names
)
\inf@bad=\count198
LaTeX Info: Redefining \frac on input line 234.
\uproot@=\count199
\leftroot@=\count266
LaTeX Info: Redefining \overline on input line 399.
\classnum@=\count267
\DOTSCASE@=\count268
LaTeX Info: Redefining \ldots on input line 496.
LaTeX Info: Redefining \dots on input line 499.
LaTeX Info: Redefining \cdots on input line 620.
\Mathstrutbox@=\box52
\strutbox@=\box53
\big@size=\dimen142
LaTeX Font Info:    Redeclaring font encoding OML on input line 743.
LaTeX Font Info:    Redeclaring font encoding OMS on input line 744.
\macc@depth=\count269
\c@MaxMatrixCols=\count270
\dotsspace@=\muskip16
\c@parentequation=\count271
\dspbrk@lvl=\count272
\tag@help=\toks22
\row@=\count273
\column@=\count274
\maxfields@=\count275
\andhelp@=\toks23
\eqnshift@=\dimen143
\alignsep@=\dimen144
\tagshift@=\dimen145
\tagwidth@=\dimen146
\totwidth@=\dimen147
\lineht@=\dimen148
\@envbody=\toks24
\multlinegap=\skip50
\multlinetaggap=\skip51
\mathdisplay@stack=\toks25
LaTeX Info: Redefining \[ on input line 2938.
LaTeX Info: Redefining \] on input line 2939.
) (/usr/share/texlive/texmf-dist/tex/latex/multirow/multirow.sty
Package: multirow 2021/03/15 v2.8 Span multiple rows of a table
\multirow@colwidth=\skip52
\multirow@cntb=\count276
\multirow@dima=\skip53
\bigstrutjot=\dimen149
) (/usr/share/texlive/texmf-dist/tex/latex/caption/subcaption.sty
Package: subcaption 2020/10/07 v1.3j Sub-captions (AR)
 (/usr/share/texlive/texmf-dist/tex/latex/caption/caption.sty
Package: caption 2020/10/26 v3.5g Customizing captions (AR)
 (/usr/share/texlive/texmf-dist/tex/latex/caption/caption3.sty
Package: caption3 2020/10/21 v2.2e caption3 kernel (AR)
 (/usr/share/texlive/texmf-dist/tex/latex/graphics/keyval.sty
Package: keyval 2014/10/28 v1.15 key=value parser (DPC)
\KV@toks@=\toks26
)
\captionmargin=\dimen150
\captionmargin@=\dimen151
\captionwidth=\dimen152
\caption@tempdima=\dimen153
\caption@indent=\dimen154
\caption@parindent=\dimen155
\caption@hangindent=\dimen156
Package caption Info: Standard document class detected.
)
\c@caption@flags=\count277
\c@continuedfloat=\count278
Package caption Info: float package is loaded.
)
\c@subfigure=\count279
\c@subtable=\count280
) (/usr/share/texlive/texmf-dist/tex/latex/booktabs/booktabs.sty
Package: booktabs 2020/01/12 v1.61803398 Publication quality tables
\heavyrulewidth=\dimen157
\lightrulewidth=\dimen158
\cmidrulewidth=\dimen159
\belowrulesep=\dimen160
\belowbottomsep=\dimen161
\aboverulesep=\dimen162
\abovetopsep=\dimen163
\cmidrulesep=\dimen164
\cmidrulekern=\dimen165
\defaultaddspace=\dimen166
\@cmidla=\count281
\@cmidlb=\count282
\@aboverulesep=\dimen167
\@belowrulesep=\dimen168
\@thisruleclass=\count283
\@lastruleclass=\count284
\@thisrulewidth=\dimen169
) (/usr/share/texlive/texmf-dist/tex/latex/tools/tabularx.sty
Package: tabularx 2020/01/15 v2.11c `tabularx' package (DPC)
 (/usr/share/texlive/texmf-dist/tex/latex/tools/array.sty
Package: array 2021/10/04 v2.5f Tabular extension package (FMi)
\col@sep=\dimen170
\ar@mcellbox=\box54
\extrarowheight=\dimen171
\NC@list=\toks27
\extratabsurround=\skip54
\backup@length=\skip55
\ar@cellbox=\box55
)
\TX@col@width=\dimen172
\TX@old@table=\dimen173
\TX@old@col=\dimen174
\TX@target=\dimen175
\TX@delta=\dimen176
\TX@cols=\count285
\TX@ftn=\toks28
) (./LaTexPackages.tex (/usr/share/texlive/texmf-dist/tex/latex/natbib/natbib.sty
Package: natbib 2010/09/13 8.31b (PWD, AO)
\bibhang=\skip56
\bibsep=\skip57
LaTeX Info: Redefining \cite on input line 694.
\c@NAT@ctr=\count286
) (/usr/share/texlive/texmf-dist/tex/latex/enumitem/enumitem.sty
Package: enumitem 2019/06/20 v3.9 Customized lists
\labelindent=\skip58
\enit@outerparindent=\dimen177
\enit@toks=\toks29
\enit@inbox=\box56
\enit@count@id=\count287
\enitdp@description=\count288
) (/usr/share/texlive/texmf-dist/tex/latex/graphics/graphicx.sty
Package: graphicx 2021/09/16 v1.2d Enhanced LaTeX Graphics (DPC,SPQR)
 (/usr/share/texlive/texmf-dist/tex/latex/graphics/graphics.sty
Package: graphics 2021/03/04 v1.4d Standard LaTeX Graphics (DPC,SPQR)
 (/usr/share/texlive/texmf-dist/tex/latex/graphics/trig.sty
Package: trig 2021/08/11 v1.11 sin cos tan (DPC)
) (/usr/share/texlive/texmf-dist/tex/latex/graphics-cfg/graphics.cfg
File: graphics.cfg 2016/06/04 v1.11 sample graphics configuration
)
Package graphics Info: Driver file: pdftex.def on input line 107.
 (/usr/share/texlive/texmf-dist/tex/latex/graphics-def/pdftex.def
File: pdftex.def 2020/10/05 v1.2a Graphics/color driver for pdftex
))
\Gin@req@height=\dimen178
\Gin@req@width=\dimen179
) (/usr/share/texlive/texmf-dist/tex/latex/psnfss/times.sty
Package: times 2020/03/25 PSNFSS-v9.3 (SPQR) 
) (/usr/share/texlive/texmf-dist/tex/latex/geometry/geometry.sty
Package: geometry 2020/01/02 v5.9 Page Geometry
 (/usr/share/texlive/texmf-dist/tex/generic/iftex/ifvtex.sty
Package: ifvtex 2019/10/25 v1.7 ifvtex legacy package. Use iftex instead.
 (/usr/share/texlive/texmf-dist/tex/generic/iftex/iftex.sty
Package: iftex 2020/03/06 v1.0d TeX engine tests
))
\Gm@cnth=\count289
\Gm@cntv=\count290
\c@Gm@tempcnt=\count291
\Gm@bindingoffset=\dimen180
\Gm@wd@mp=\dimen181
\Gm@odd@mp=\dimen182
\Gm@even@mp=\dimen183
\Gm@layoutwidth=\dimen184
\Gm@layoutheight=\dimen185
\Gm@layouthoffset=\dimen186
\Gm@layoutvoffset=\dimen187
\Gm@dimlist=\toks30
) (/usr/share/texlive/texmf-dist/tex/latex/nomencl/nomencl.sty
Package: nomencl 2021/11/10 v5.6 Nomenclature package
 (/usr/share/texlive/texmf-dist/tex/latex/xkeyval/xkeyval.sty
Package: xkeyval 2020/11/20 v2.8 package option processing (HA)
 (/usr/share/texlive/texmf-dist/tex/generic/xkeyval/xkeyval.tex (/usr/share/texlive/texmf-dist/tex/generic/xkeyval/xkvutils.tex
\XKV@toks=\toks31
\XKV@tempa@toks=\toks32
)
\XKV@depth=\count292
File: xkeyval.tex 2014/12/03 v2.7a key=value parser (HA)
)) (/usr/share/texlive/texmf-dist/tex/latex/base/ifthen.sty
Package: ifthen 2020/11/24 v1.1c Standard LaTeX ifthen package (DPC)
) (/usr/share/texlive/texmf-dist/tex/latex/koma-script/tocbasic.sty
Package: tocbasic 2021/11/13 v3.35 KOMA-Script package (handling toc-files)
 (/usr/share/texlive/texmf-dist/tex/latex/koma-script/scrbase.sty
Package: scrbase 2021/11/13 v3.35 KOMA-Script package (KOMA-Script-independent basics and keyval usage)
 (/usr/share/texlive/texmf-dist/tex/latex/koma-script/scrlfile.sty
Package: scrlfile 2021/11/13 v3.35 KOMA-Script package (file load hooks)
 (/usr/share/texlive/texmf-dist/tex/latex/koma-script/scrlfile-hook.sty
Package: scrlfile-hook 2021/11/13 v3.35 KOMA-Script package (using LaTeX hooks)
 (/usr/share/texlive/texmf-dist/tex/latex/koma-script/scrlogo.sty
Package: scrlogo 2021/11/13 v3.35 KOMA-Script package (logo)
)))
Applying: [2021/05/01] Usage of raw or classic option list on input line 252.
Already applied: [0000/00/00] Usage of raw or classic option list on input line 368.
)
\scr@dte@tocline@numberwidth=\skip59
\scr@dte@tocline@numbox=\box57
)
Package tocbasic Info: setting babel extension for `nlo' on input line 187.
Package tocbasic Info: setting babel extension for `nls' on input line 188.
\nomlabelwidth=\dimen188
\nom@tempdim=\dimen189
\nomitemsep=\skip60
) (/usr/share/texlive/texmf-dist/tex/latex/lipsum/lipsum.sty (/usr/share/texlive/texmf-dist/tex/latex/l3packages/l3keys2e/l3keys2e.sty (/usr/share/texlive/texmf-dist/tex/latex/l3kernel/expl3.sty
Package: expl3 2022-01-21 L3 programming layer (loader) 
 (/usr/share/texlive/texmf-dist/tex/latex/l3backend/l3backend-pdftex.def
File: l3backend-pdftex.def 2022-01-12 L3 backend support: PDF output (pdfTeX)
\l__color_backend_stack_int=\count293
\l__pdf_internal_box=\box58
))
Package: l3keys2e 2022-01-12 LaTeX2e option processing using LaTeX3 keys
)
Package: lipsum 2021-09-20 v2.7 150 paragraphs of Lorem Ipsum dummy text
\g__lipsum_par_int=\count294
\l__lipsum_a_int=\count295
\l__lipsum_b_int=\count296
 (/usr/share/texlive/texmf-dist/tex/latex/lipsum/lipsum.ltd.tex))) (./CustomFunctions.tex)
LaTeX Font Info:    Trying to load font information for OT1+ptm on input line 13.
 (/usr/share/texlive/texmf-dist/tex/latex/psnfss/ot1ptm.fd
File: ot1ptm.fd 2001/06/04 font definitions for OT1/ptm.
) (./MainThesis.aux
LaTeX Info: Redefining \. on input line 8.
LaTeX Info: Redefining \% on input line 8.
)
\openout1 = `MainThesis.aux'.

LaTeX Font Info:    Checking defaults for OML/cmm/m/it on input line 13.
LaTeX Font Info:    ... okay on input line 13.
LaTeX Font Info:    Checking defaults for OMS/cmsy/m/n on input line 13.
LaTeX Font Info:    ... okay on input line 13.
LaTeX Font Info:    Checking defaults for OT1/cmr/m/n on input line 13.
LaTeX Font Info:    ... okay on input line 13.
LaTeX Font Info:    Checking defaults for T1/cmr/m/n on input line 13.
LaTeX Font Info:    ... okay on input line 13.
LaTeX Font Info:    Checking defaults for TS1/cmr/m/n on input line 13.
LaTeX Font Info:    ... okay on input line 13.
LaTeX Font Info:    Checking defaults for OMX/cmex/m/n on input line 13.
LaTeX Font Info:    ... okay on input line 13.
LaTeX Font Info:    Checking defaults for U/cmr/m/n on input line 13.
LaTeX Font Info:    ... okay on input line 13.
LaTeX Info: Redefining \. on input line 13.
LaTeX Info: Redefining \% on input line 13.
Package caption Info: Begin \AtBeginDocument code.
Package caption Info: End \AtBeginDocument code.
 (/usr/share/texlive/texmf-dist/tex/context/base/mkii/supp-pdf.mkii
[Loading MPS to PDF converter (version 2006.09.02).]
\scratchcounter=\count297
\scratchdimen=\dimen190
\scratchbox=\box59
\nofMPsegments=\count298
\nofMParguments=\count299
\everyMPshowfont=\toks33
\MPscratchCnt=\count300
\MPscratchDim=\dimen191
\MPnumerator=\count301
\makeMPintoPDFobject=\count302
\everyMPtoPDFconversion=\toks34
) (/usr/share/texlive/texmf-dist/tex/latex/epstopdf-pkg/epstopdf-base.sty
Package: epstopdf-base 2020-01-24 v2.11 Base part for package epstopdf
Package epstopdf-base Info: Redefining graphics rule for `.eps' on input line 485.
 (/usr/share/texlive/texmf-dist/tex/latex/latexconfig/epstopdf-sys.cfg
File: epstopdf-sys.cfg 2010/07/13 v1.3 Configuration of (r)epstopdf for TeX Live
))
*geometry* driver: auto-detecting
*geometry* detected driver: pdftex
*geometry* verbose mode - [ preamble ] result:
* driver: pdftex
* paper: a4paper
* layout: <same size as paper>
* layoutoffset:(h,v)=(0.0pt,0.0pt)
* modes: 
* h-part:(L,W,R)=(62.59605pt, 472.31577pt, 62.59605pt)
* v-part:(T,H,B)=(62.59605pt, 719.85474pt, 62.59605pt)
* \paperwidth=597.50787pt
* \paperheight=845.04684pt
* \textwidth=472.31577pt
* \textheight=719.85474pt
* \oddsidemargin=-9.67393pt
* \evensidemargin=-9.67393pt
* \topmargin=-46.67393pt
* \headheight=12.0pt
* \headsep=25.0pt
* \topskip=12.0pt
* \footskip=30.0pt
* \marginparwidth=35.0pt
* \marginparsep=10.0pt
* \columnsep=10.0pt
* \skip\footins=10.8pt plus 4.0pt minus 2.0pt
* \hoffset=0.0pt
* \voffset=0.0pt
* \mag=1000
* \@twocolumnfalse
* \@twosidefalse
* \@mparswitchfalse
* \@reversemarginfalse
* (1in=72.27pt=25.4mm, 1cm=28.453pt)

[1

{/var/lib/texmf/fonts/map/pdftex/updmap/pdftex.map}] (./000_abstract.tex) [1

] (./00_acknowledgements.tex) [2

] (./MainThesis.toc
LaTeX Info: Redefining \. on input line 1.
LaTeX Info: Redefining \% on input line 1.
 [3

])
\tf@toc=\write3
\openout3 = `MainThesis.toc'.

 [4] (./MainThesis.lof
LaTeX Info: Redefining \. on input line 1.
LaTeX Info: Redefining \% on input line 1.

Overfull \hbox (10.72784pt too wide) in paragraph at lines 14--14
 [][] []\OT1/ptm/m/n/12 An[]ali-sis com-pa-ra-ti-vo del Error Ab-so-lu-to Me-dio (MAE) en-tre el mo-de-lo pre-entrenado 
 []


Overfull \hbox (17.38762pt too wide) in paragraph at lines 15--15
 [][] []\OT1/ptm/m/n/12 An[]ali-sis com-pa-ra-ti-vo del Error Cuadr[]ati-co Me-dio (MSE) en-tre el mo-de-lo pre-entrenado 
 []

[5

])
\tf@lof=\write4
\openout4 = `MainThesis.lof'.

 [6] (./MainThesis.lot
LaTeX Info: Redefining \. on input line 1.
LaTeX Info: Redefining \% on input line 1.
)
\tf@lot=\write5
\openout5 = `MainThesis.lot'.

 (./Abbreviations.tex
\@nomenclaturefile=\write6
\openout6 = `MainThesis.nlo'.

Package nomencl Info: Writing nomenclature file MainThesis.nlo on input line 1.
)
No file MainThesis.nls.
[1

]
Cap\'{\i }tulo 1.
(./1_introduction.tex
Overfull \hbox (7.01678pt too wide) in paragraph at lines 22--23
[]\OT1/ptm/m/n/12 Para abor-dar es-ta pre-gun-ta de ma-ne-ra sis-tem[]ati-ca, se han es-ta-ble-ci-do las si-guien-tes sub-preguntas: 
 []

[2

]) [3]
Cap\'{\i }tulo 2.
(./2_LiteratureReview.tex
<Images/effect.pdf, id=37, 648.72281pt x 466.62523pt>
File: Images/effect.pdf Graphic file (type pdf)
<use Images/effect.pdf>
Package pdftex.def Info: Images/effect.pdf  used on input line 15.
(pdftex.def)             Requested size: 472.31577pt x 339.73645pt.
 [4

] [5 <./Images/effect.pdf>] [6] [7]) [8]
Cap\'{\i }tulo 3.
(./3_Methodology.tex [9

] [10] [11]
<Images/arq.pdf, id=98, 826.98842pt x 687.58351pt>
File: Images/arq.pdf Graphic file (type pdf)
<use Images/arq.pdf>
Package pdftex.def Info: Images/arq.pdf  used on input line 112.
(pdftex.def)             Requested size: 377.85405pt x 314.16245pt.
 [12] [13 <./Images/arq.pdf>] [14]) [15]
Cap\'{\i }tulo 4.
(./4_Implementation.tex [16

] [17]
LaTeX Font Info:    Trying to load font information for TS1+ptm on input line 102.
 (/usr/share/texlive/texmf-dist/tex/latex/psnfss/ts1ptm.fd
File: ts1ptm.fd 2001/06/04 font definitions for TS1/ptm.
) [18]) [19]
Cap\'{\i }tulo 5.
(./5_Experiments.tex
Overfull \hbox (43.40465pt too wide) in paragraph at lines 9--18
 [][] 
 []

[20

]
<Images/perdidas_entrenamiento_recon.png, id=136, 709.6914pt x 419.166pt>
File: Images/perdidas_entrenamiento_recon.png Graphic file (type png)
<use Images/perdidas_entrenamiento_recon.png>
Package pdftex.def Info: Images/perdidas_entrenamiento_recon.png  used on input line 36.
(pdftex.def)             Requested size: 377.85405pt x 223.16748pt.
<Images/perdidas_entrenamiento_super.png, id=138, 709.6914pt x 419.166pt>
File: Images/perdidas_entrenamiento_super.png Graphic file (type png)
<use Images/perdidas_entrenamiento_super.png>
Package pdftex.def Info: Images/perdidas_entrenamiento_super.png  used on input line 47.
(pdftex.def)             Requested size: 377.85405pt x 223.16748pt.
 [21 <./Images/perdidas_entrenamiento_recon.png>]
<Images/perdidas_entrenamiento_finetuning.png, id=143, 4781.865pt x 1779.64874pt>
File: Images/perdidas_entrenamiento_finetuning.png Graphic file (type png)
<use Images/perdidas_entrenamiento_finetuning.png>
Package pdftex.def Info: Images/perdidas_entrenamiento_finetuning.png  used on input line 62.
(pdftex.def)             Requested size: 377.85405pt x 140.60971pt.
 [22 <./Images/perdidas_entrenamiento_super.png> <./Images/perdidas_entrenamiento_finetuning.png>]
<Images/perdidas_entrenamiento_finetuning_no_struct.png, id=148, 4782.86874pt x 1779.64874pt>
File: Images/perdidas_entrenamiento_finetuning_no_struct.png Graphic file (type png)
<use Images/perdidas_entrenamiento_finetuning_no_struct.png>
Package pdftex.def Info: Images/perdidas_entrenamiento_finetuning_no_struct.png  used on input line 78.
(pdftex.def)             Requested size: 377.85405pt x 140.58257pt.
<Images/perdidas_entrenamiento_finetuning_no_phy.png, id=149, 4781.865pt x 1779.64874pt>
File: Images/perdidas_entrenamiento_finetuning_no_phy.png Graphic file (type png)
<use Images/perdidas_entrenamiento_finetuning_no_phy.png>
Package pdftex.def Info: Images/perdidas_entrenamiento_finetuning_no_phy.png  used on input line 85.
(pdftex.def)             Requested size: 377.85405pt x 140.60971pt.
 [23 <./Images/perdidas_entrenamiento_finetuning_no_struct.png> <./Images/perdidas_entrenamiento_finetuning_no_phy.png>]
<Images/comparison_plots_mae_no_phy.png, id=153, 1437.4503pt x 714.7503pt>
File: Images/comparison_plots_mae_no_phy.png Graphic file (type png)
<use Images/comparison_plots_mae_no_phy.png>
Package pdftex.def Info: Images/comparison_plots_mae_no_phy.png  used on input line 125.
(pdftex.def)             Requested size: 226.70955pt x 112.72646pt.
<Images/comparison_plots_mae_no_struct.png, id=154, 1437.4503pt x 714.7503pt>
File: Images/comparison_plots_mae_no_struct.png Graphic file (type png)
<use Images/comparison_plots_mae_no_struct.png>
Package pdftex.def Info: Images/comparison_plots_mae_no_struct.png  used on input line 133.
(pdftex.def)             Requested size: 226.70955pt x 112.72646pt.
<Images/comparison_plots_mae_sup.png, id=155, 1437.4503pt x 714.7503pt>
File: Images/comparison_plots_mae_sup.png Graphic file (type png)
<use Images/comparison_plots_mae_sup.png>
Package pdftex.def Info: Images/comparison_plots_mae_sup.png  used on input line 143.
(pdftex.def)             Requested size: 330.61958pt x 164.38911pt.
 [24] [25 <./Images/comparison_plots_mae_no_phy.png> <./Images/comparison_plots_mae_no_struct.png> <./Images/comparison_plots_mae_sup.png>]
<Images/comparison_plots_mse_no_phy.png, id=166, 1437.4503pt x 714.7503pt>
File: Images/comparison_plots_mse_no_phy.png Graphic file (type png)
<use Images/comparison_plots_mse_no_phy.png>
Package pdftex.def Info: Images/comparison_plots_mse_no_phy.png  used on input line 178.
(pdftex.def)             Requested size: 226.70955pt x 112.72646pt.
<Images/comparison_plots_mse_no_struct.png, id=167, 1437.4503pt x 714.7503pt>
File: Images/comparison_plots_mse_no_struct.png Graphic file (type png)
<use Images/comparison_plots_mse_no_struct.png>
Package pdftex.def Info: Images/comparison_plots_mse_no_struct.png  used on input line 186.
(pdftex.def)             Requested size: 226.70955pt x 112.72646pt.
<Images/comparison_plots_mse_sup.png, id=168, 1437.4503pt x 714.7503pt>
File: Images/comparison_plots_mse_sup.png Graphic file (type png)
<use Images/comparison_plots_mse_sup.png>
Package pdftex.def Info: Images/comparison_plots_mse_sup.png  used on input line 196.
(pdftex.def)             Requested size: 330.61958pt x 164.38911pt.
 [26] [27 <./Images/comparison_plots_mse_no_phy.png> <./Images/comparison_plots_mse_no_struct.png> <./Images/comparison_plots_mse_sup.png>]
<Images/comparison_plots_nrmse_no_phy.png, id=178, 1437.4503pt x 714.7503pt>
File: Images/comparison_plots_nrmse_no_phy.png Graphic file (type png)
<use Images/comparison_plots_nrmse_no_phy.png>
Package pdftex.def Info: Images/comparison_plots_nrmse_no_phy.png  used on input line 237.
(pdftex.def)             Requested size: 226.70955pt x 112.72646pt.
<Images/comparison_plots_nrmse_no_struct.png, id=179, 1437.4503pt x 714.7503pt>
File: Images/comparison_plots_nrmse_no_struct.png Graphic file (type png)
<use Images/comparison_plots_nrmse_no_struct.png>
Package pdftex.def Info: Images/comparison_plots_nrmse_no_struct.png  used on input line 245.
(pdftex.def)             Requested size: 226.70955pt x 112.72646pt.
<Images/comparison_plots_nrmse_sup.png, id=180, 1437.4503pt x 714.7503pt>
File: Images/comparison_plots_nrmse_sup.png Graphic file (type png)
<use Images/comparison_plots_nrmse_sup.png>
Package pdftex.def Info: Images/comparison_plots_nrmse_sup.png  used on input line 255.
(pdftex.def)             Requested size: 330.61958pt x 164.38911pt.
 [28] [29 <./Images/comparison_plots_nrmse_no_phy.png> <./Images/comparison_plots_nrmse_no_struct.png> <./Images/comparison_plots_nrmse_sup.png>] [30]
<Images/comparison_plots_psnr_no_phy.png, id=194, 1437.4503pt x 714.7503pt>
File: Images/comparison_plots_psnr_no_phy.png Graphic file (type png)
<use Images/comparison_plots_psnr_no_phy.png>
Package pdftex.def Info: Images/comparison_plots_psnr_no_phy.png  used on input line 324.
(pdftex.def)             Requested size: 226.70955pt x 112.72646pt.
<Images/comparison_plots_psnr_no_struct.png, id=195, 1437.4503pt x 714.7503pt>
File: Images/comparison_plots_psnr_no_struct.png Graphic file (type png)
<use Images/comparison_plots_psnr_no_struct.png>
Package pdftex.def Info: Images/comparison_plots_psnr_no_struct.png  used on input line 332.
(pdftex.def)             Requested size: 226.70955pt x 112.72646pt.
<Images/comparison_plots_psnr_sup.png, id=196, 1437.4503pt x 714.7503pt>
File: Images/comparison_plots_psnr_sup.png Graphic file (type png)
<use Images/comparison_plots_psnr_sup.png>
Package pdftex.def Info: Images/comparison_plots_psnr_sup.png  used on input line 342.
(pdftex.def)             Requested size: 330.61958pt x 164.38911pt.
 [31 <./Images/comparison_plots_psnr_no_phy.png> <./Images/comparison_plots_psnr_no_struct.png> <./Images/comparison_plots_psnr_sup.png>] [32]
<Images/comparison_plots_ssim_no_phy.png, id=207, 1437.6912pt x 714.7503pt>
File: Images/comparison_plots_ssim_no_phy.png Graphic file (type png)
<use Images/comparison_plots_ssim_no_phy.png>
Package pdftex.def Info: Images/comparison_plots_ssim_no_phy.png  used on input line 416.
(pdftex.def)             Requested size: 226.70955pt x 112.70464pt.
<Images/comparison_plots_ssim_no_struct.png, id=208, 1437.6912pt x 714.7503pt>
File: Images/comparison_plots_ssim_no_struct.png Graphic file (type png)
<use Images/comparison_plots_ssim_no_struct.png>
Package pdftex.def Info: Images/comparison_plots_ssim_no_struct.png  used on input line 424.
(pdftex.def)             Requested size: 226.70955pt x 112.70464pt.
<Images/comparison_plots_ssim_sup.png, id=209, 1437.6912pt x 714.7503pt>
File: Images/comparison_plots_ssim_sup.png Graphic file (type png)
<use Images/comparison_plots_ssim_sup.png>
Package pdftex.def Info: Images/comparison_plots_ssim_sup.png  used on input line 434.
(pdftex.def)             Requested size: 330.61958pt x 164.3673pt.
 [33 <./Images/comparison_plots_ssim_no_phy.png> <./Images/comparison_plots_ssim_no_struct.png> <./Images/comparison_plots_ssim_sup.png>]
Overfull \hbox (14.94072pt too wide) in paragraph at lines 459--460
[]\OT1/ptm/m/n/12 La prue-ba t pa-rea-da $\OT1/cmr/m/n/12 (\OML/cmm/m/it/12 t \OT1/cmr/m/n/12 = \OMS/cmsy/m/n/12 ^^@\OT1/cmr/m/n/12 18[]8183\OML/cmm/m/it/12 ; p < \OT1/cmr/m/n/12 0[]001)$ \OT1/ptm/m/n/12 y la prue-ba de Wil-co-xon $\OT1/cmr/m/n/12 (\OML/cmm/m/it/12 W \OT1/cmr/m/n/12 = 14074[]0000\OML/cmm/m/it/12 ; p <
 []

[34]
<Images/sample_solo.png, id=219, 1084.05pt x 361.35pt>
File: Images/sample_solo.png Graphic file (type png)
<use Images/sample_solo.png>
Package pdftex.def Info: Images/sample_solo.png  used on input line 513.
(pdftex.def)             Requested size: 377.85405pt x 125.95058pt.
<Images/sample_sup.png, id=220, 1084.05pt x 361.35pt>
File: Images/sample_sup.png Graphic file (type png)
<use Images/sample_sup.png>
Package pdftex.def Info: Images/sample_sup.png  used on input line 523.
(pdftex.def)             Requested size: 377.85405pt x 125.95058pt.
<Images/sample_no_struct.png, id=221, 1084.05pt x 361.35pt>
File: Images/sample_no_struct.png Graphic file (type png)
<use Images/sample_no_struct.png>
Package pdftex.def Info: Images/sample_no_struct.png  used on input line 533.
(pdftex.def)             Requested size: 377.85405pt x 125.95058pt.
<Images/sample_no_phy.png, id=222, 1084.05pt x 361.35pt>
File: Images/sample_no_phy.png Graphic file (type png)
<use Images/sample_no_phy.png>
Package pdftex.def Info: Images/sample_no_phy.png  used on input line 541.
(pdftex.def)             Requested size: 377.85405pt x 125.95058pt.
 [35]) [36 <./Images/sample_solo.png> <./Images/sample_sup.png> <./Images/sample_no_struct.png> <./Images/sample_no_phy.png>]
Cap\'{\i }tulo 6.
(./6_Analysis.tex) [37

]
Cap\'{\i }tulo 7.
(./7_Conclusion.tex) [38

]
Ap\'{e}ndice A.
(./8_Appendices.tex) [39

] (./MainThesis.bbl [40

] [41

] [42]) [43] (./MainThesis.aux
LaTeX Info: Redefining \. on input line 8.
LaTeX Info: Redefining \% on input line 8.
) ) 
Here is how much of TeX's memory you used:
 8554 strings out of 478287
 153924 string characters out of 5849289
 587600 words of memory out of 5000000
 26554 multiletter control sequences out of 15000+600000
 494230 words of font info for 72 fonts, out of 8000000 for 9000
 1141 hyphenation exceptions out of 8191
 115i,12n,109p,1406b,657s stack positions out of 5000i,500n,10000p,200000b,80000s
{/usr/share/texlive/texmf-dist/fonts/enc/dvips/base/8r.enc}</usr/share/texlive/texmf-dist/fonts/type1/public/amsfonts/cm/cmbx12.pfb></usr/share/texlive/texmf-dist/fonts/type1/public/amsfonts/cm/cmex10.pfb></usr/share/texlive/texmf-dist/fonts/type1/public/amsfonts/cm/cmmi12.pfb></usr/share/texlive/texmf-dist/fonts/type1/public/amsfonts/cm/cmmi6.pfb></usr/share/texlive/texmf-dist/fonts/type1/public/amsfonts/cm/cmmi8.pfb></usr/share/texlive/texmf-dist/fonts/type1/public/amsfonts/cm/cmr12.pfb></usr/share/texlive/texmf-dist/fonts/type1/public/amsfonts/cm/cmr6.pfb></usr/share/texlive/texmf-dist/fonts/type1/public/amsfonts/cm/cmr8.pfb></usr/share/texlive/texmf-dist/fonts/type1/public/amsfonts/cm/cmsy10.pfb></usr/share/texlive/texmf-dist/fonts/type1/public/amsfonts/cm/cmsy8.pfb></usr/share/texlive/texmf-dist/fonts/type1/urw/times/utmb8a.pfb></usr/share/texlive/texmf-dist/fonts/type1/urw/times/utmr8a.pfb></usr/share/texlive/texmf-dist/fonts/type1/urw/times/utmri8a.pfb>
Output written on MainThesis.pdf (50 pages, 7191635 bytes).
PDF statistics:
 314 PDF objects out of 1000 (max. 8388607)
 179 compressed objects within 2 object streams
 0 named destinations out of 1000 (max. 500000)
 131 words of extra memory for PDF output out of 10000 (max. 10000000)

